app/build/outputs/mapping/release/configuration.txt
# The proguard configuration file for the following section is Android Gradle plugin 9.3.1 (extracted file: /Users/govindpotti/vfa-app-combined/app/build/intermediates/default_proguard_files/global/proguard-android-optimize.txt-9.3.1)
# This is a configuration file for ProGuard.
# http://proguard.sourceforge.net/index.html#manual/usage.html
#
# Starting with version 2.2 of the Android plugin for Gradle, this file is distributed together with
# the plugin and unpacked at build-time. The files in $ANDROID_HOME are no longer maintained and
# will be ignored by new version of the Android plugin for Gradle.

# Optimizations: If you don't want to optimize, use the proguard-android.txt configuration file
# instead of this one, which turns off the optimization flags.
-allowaccessmodification

# Preserve some attributes that may be required for reflection.
-keepattributes AnnotationDefault,
                EnclosingMethod,
                InnerClasses,
                RuntimeVisibleAnnotations,
                RuntimeVisibleParameterAnnotations,
                RuntimeVisibleTypeAnnotations,
                Signature

-keep public class com.google.vending.licensing.ILicensingService
-keep public class com.android.vending.licensing.ILicensingService
-keep public class com.google.android.vending.licensing.ILicensingService
-dontnote com.android.vending.licensing.ILicensingService
-dontnote com.google.vending.licensing.ILicensingService
-dontnote com.google.android.vending.licensing.ILicensingService

# For native methods, see https://www.guardsquare.com/manual/configuration/examples#native
-keepclasseswithmembernames,includedescriptorclasses class * {
    native <methods>;
}

# Keep setters in Views so that animations can still work.
-keepclassmembers public class * extends android.view.View {
    void set*(***);
    *** get*();
}

# We want to keep methods in Activity that could be used in the XML attribute onClick.
-keepclassmembers class * extends android.app.Activity {
    public void *(android.view.View);
}

# For enumeration classes, see https://www.guardsquare.com/manual/configuration/examples#enumerations
-keepclassmembers enum * {
    public static **[] values();
    public static ** valueOf(java.lang.String);
}

-keepclassmembers class * implements android.os.Parcelable {
    public static final ** CREATOR;
}

# Preserve annotated Javascript interface methods.
-keepclassmembers class * {
    @android.webkit.JavascriptInterface <methods>;
}

# The support libraries contains references to newer platform versions.
# Don't warn about those in case this app is linking against an older
# platform version. We know about them, and they are safe.
-dontnote android.support.**
-dontnote androidx.**
-dontwarn android.support.**
-dontwarn androidx.**

# Understand the @Keep support annotation.
-keep class android.support.annotation.Keep

-keep @android.support.annotation.Keep class * {*;}

-keepclasseswithmembers class * {
    @android.support.annotation.Keep <methods>;
}

-keepclasseswithmembers class * {
    @android.support.annotation.Keep <fields>;
}

-keepclasseswithmembers class * {
    @android.support.annotation.Keep <init>(...);
}

# These classes are duplicated between android.jar and org.apache.http.legacy.jar.
-dontnote org.apache.http.**
-dontnote android.net.http.**

# These classes are duplicated between android.jar and core-lambda-stubs.jar.
-dontnote java.lang.invoke.**

# End of content from Android Gradle plugin 9.3.1 (extracted file: /Users/govindpotti/vfa-app-combined/app/build/intermediates/default_proguard_files/global/proguard-android-optimize.txt-9.3.1)
# The proguard configuration file for the following section is vfa-app-combined/app/proguard-rules.pro
# The app has no reflection-based entry points beyond the framework's own, so the
# defaults do the job. These keep the two things R8 can't see:

# org.json is used by VfaBackend to parse the analyzer/verifier responses.
-dontwarn org.json.**

# Compose keeps its own rules via consumer files; CameraX loads camera2 implementation
# classes by name at runtime.
-keep class androidx.camera.camera2.** { *; }

# End of content from vfa-app-combined/app/proguard-rules.pro
# The proguard configuration file for the following section is androidx.camera:camera-camera2:1.4.2 (extracted file: /Users/govindpotti/.gradle/caches/9.6.1/transforms/b3f4d0292590513a608a743fcfd933f2/transformed/camera-camera2-1.4.2/proguard.txt)
# Copyright (C) 2020 The Android Open Source Project
#
# Licensed under the Apache License, Version 2.0 (the "License");
# you may not use this file except in compliance with the License.
# You may obtain a copy of the License at
#
#      http://www.apache.org/licenses/LICENSE-2.0
#
# Unless required by applicable law or agreed to in writing, software
# distributed under the License is distributed on an "AS IS" BASIS,
# WITHOUT WARRANTIES OR CONDITIONS OF ANY KIND, either express or implied.
# See the License for the specific language governing permissions and
# limitations under the License.

# This is necessary for default initialization using Camera2Config
-keep public class androidx.camera.camera2.Camera2Config$DefaultProvider { *; }

# End of content from androidx.camera:camera-camera2:1.4.2 (extracted file: /Users/govindpotti/.gradle/caches/9.6.1/transforms/b3f4d0292590513a608a743fcfd933f2/transformed/camera-camera2-1.4.2/proguard.txt)
# The proguard configuration file for the following section is androidx.camera:camera-core:1.4.2 (extracted file: /Users/govindpotti/.gradle/caches/9.6.1/transforms/e766129d9d87f7f2b0b36cadf5af36be/transformed/camera-core-1.4.2/proguard.txt)
# Copyright (C) 2023 The Android Open Source Project
#
# Licensed under the Apache License, Version 2.0 (the "License");
# you may not use this file except in compliance with the License.
# You may obtain a copy of the License at
#
#      http://www.apache.org/licenses/LICENSE-2.0
#
# Unless required by applicable law or agreed to in writing, software
# distributed under the License is distributed on an "AS IS" BASIS,
# WITHOUT WARRANTIES OR CONDITIONS OF ANY KIND, either express or implied.
# See the License for the specific language governing permissions and
# limitations under the License.

# Keeps the quirk classes to prevent them from being merged incorrectly. For more information,
# please see b/278818703. Preserve Quirk subclasses and their names for correct name mapping in
# QuirkSettings.
-keep,allowshrinking class ** extends androidx.camera.core.impl.Quirk

# End of content from androidx.camera:camera-core:1.4.2 (extracted file: /Users/govindpotti/.gradle/caches/9.6.1/transforms/e766129d9d87f7f2b0b36cadf5af36be/transformed/camera-core-1.4.2/proguard.txt)
# The proguard configuration file for the following section is androidx.appcompat:appcompat:1.1.0 (extracted file: /Users/govindpotti/.gradle/caches/9.6.1/transforms/eabbf8ba0cf13d8f06600ab17897ef46/transformed/appcompat-1.1.0/proguard.txt)
# Copyright (C) 2018 The Android Open Source Project
#
# Licensed under the Apache License, Version 2.0 (the "License");
# you may not use this file except in compliance with the License.
# You may obtain a copy of the License at
#
#      http://www.apache.org/licenses/LICENSE-2.0
#
# Unless required by applicable law or agreed to in writing, software
# distributed under the License is distributed on an "AS IS" BASIS,
# WITHOUT WARRANTIES OR CONDITIONS OF ANY KIND, either express or implied.
# See the License for the specific language governing permissions and
# limitations under the License.

# Ensure that reflectively-loaded inflater is not obfuscated. This can be
# removed when we stop supporting AAPT1 builds.
-keepnames class androidx.appcompat.app.AppCompatViewInflater

# aapt is not able to read app::actionViewClass and app:actionProviderClass to produce proguard
# keep rules. Add a commonly used SearchView to the keep list until b/109831488 is resolved.
-keep class androidx.appcompat.widget.SearchView { <init>(...); }
# End of content from androidx.appcompat:appcompat:1.1.0 (extracted file: /Users/govindpotti/.gradle/caches/9.6.1/transforms/eabbf8ba0cf13d8f06600ab17897ef46/transformed/appcompat-1.1.0/proguard.txt)
# The proguard configuration file for the following section is androidx.compose.material3:material3-android:1.4.0 (extracted file: /Users/govindpotti/.gradle/caches/9.6.1/transforms/ba5df6d0871f3880f435efdba909024a/transformed/material3/proguard.txt)
# Intentionally empty proguard rules to indicate this library is safe to shrink

# End of content from androidx.compose.material3:material3-android:1.4.0 (extracted file: /Users/govindpotti/.gradle/caches/9.6.1/transforms/ba5df6d0871f3880f435efdba909024a/transformed/material3/proguard.txt)
# The proguard configuration file for the following section is androidx.transition:transition:1.6.0 (extracted file: /Users/govindpotti/.gradle/caches/9.6.1/transforms/1df9835cd13dca52a6eebbd1b963a184/transformed/transition-1.6.0/proguard.txt)
# Copyright (C) 2017 The Android Open Source Project
#
# Licensed under the Apache License, Version 2.0 (the "License");
# you may not use this file except in compliance with the License.
# You may obtain a copy of the License at
#
#      http://www.apache.org/licenses/LICENSE-2.0
#
# Unless required by applicable law or agreed to in writing, software
# distributed under the License is distributed on an "AS IS" BASIS,
# WITHOUT WARRANTIES OR CONDITIONS OF ANY KIND, either express or implied.
# See the License for the specific language governing permissions and
# limitations under the License.

# Keep a field in transition that is used to keep a reference to weakly-referenced object
-keepclassmembers class androidx.transition.ChangeBounds$* extends android.animation.AnimatorListenerAdapter {
  androidx.transition.ChangeBounds$ViewBounds mViewBounds;
}

# End of content from androidx.transition:transition:1.6.0 (extracted file: /Users/govindpotti/.gradle/caches/9.6.1/transforms/1df9835cd13dca52a6eebbd1b963a184/transformed/transition-1.6.0/proguard.txt)
# The proguard configuration file for the following section is androidx.compose.animation:animation-core-android:1.10.4 (extracted file: /Users/govindpotti/.gradle/caches/9.6.1/transforms/edf699041e3ebeb8fdf49be0a4437618/transformed/animation-core/proguard.txt)
# Copyright (C) 2020 The Android Open Source Project
#
# Licensed under the Apache License, Version 2.0 (the "License");
# you may not use this file except in compliance with the License.
# You may obtain a copy of the License at
#
#      http://www.apache.org/licenses/LICENSE-2.0
#
# Unless required by applicable law or agreed to in writing, software
# distributed under the License is distributed on an "AS IS" BASIS,
# WITHOUT WARRANTIES OR CONDITIONS OF ANY KIND, either express or implied.
# See the License for the specific language governing permissions and
# limitations under the License.

# Keep all the functions created to throw an exception. We don't want these functions to be
# inlined in any way, which R8 will do by default. The whole point of these functions is to
# reduce the amount of code generated at the call site.
-keepclassmembers,allowshrinking,allowobfuscation class androidx.compose.**.* {
    static void throw*Exception(...);
    static void throw*ExceptionForNullCheck(...);
    # For methods returning Nothing
    static java.lang.Void throw*Exception(...);
    static java.lang.Void throw*ExceptionForNullCheck(...);
}

# End of content from androidx.compose.animation:animation-core-android:1.10.4 (extracted file: /Users/govindpotti/.gradle/caches/9.6.1/transforms/edf699041e3ebeb8fdf49be0a4437618/transformed/animation-core/proguard.txt)
# The proguard configuration file for the following section is androidx.compose.material:material-ripple-android:1.10.4 (extracted file: /Users/govindpotti/.gradle/caches/9.6.1/transforms/9eeac5851178988f08d2c12ebd79269c/transformed/material-ripple/proguard.txt)
# Intentionally empty proguard rules to indicate this library is safe to shrink

# End of content from androidx.compose.material:material-ripple-android:1.10.4 (extracted file: /Users/govindpotti/.gradle/caches/9.6.1/transforms/9eeac5851178988f08d2c12ebd79269c/transformed/material-ripple/proguard.txt)
# The proguard configuration file for the following section is androidx.compose.animation:animation-android:1.10.4 (extracted file: /Users/govindpotti/.gradle/caches/9.6.1/transforms/786a113012e81c5386b6ac1802785770/transformed/animation/proguard.txt)
# Intentionally empty proguard rules to indicate this library is safe to shrink

# End of content from androidx.compose.animation:animation-android:1.10.4 (extracted file: /Users/govindpotti/.gradle/caches/9.6.1/transforms/786a113012e81c5386b6ac1802785770/transformed/animation/proguard.txt)
# The proguard configuration file for the following section is androidx.compose.foundation:foundation-layout-android:1.10.4 (extracted file: /Users/govindpotti/.gradle/caches/9.6.1/transforms/df86d2aa69423915c702f494cdcb4829/transformed/foundation-layout/proguard.txt)
# Copyright (C) 2020 The Android Open Source Project
#
# Licensed under the Apache License, Version 2.0 (the "License");
# you may not use this file except in compliance with the License.
# You may obtain a copy of the License at
#
#      http://www.apache.org/licenses/LICENSE-2.0
#
# Unless required by applicable law or agreed to in writing, software
# distributed under the License is distributed on an "AS IS" BASIS,
# WITHOUT WARRANTIES OR CONDITIONS OF ANY KIND, either express or implied.
# See the License for the specific language governing permissions and
# limitations under the License.

# Keep all the functions created to throw an exception. We don't want these functions to be
# inlined in any way, which R8 will do by default. The whole point of these functions is to
# reduce the amount of code generated at the call site.
-keepclassmembers,allowshrinking,allowobfuscation class androidx.compose.**.* {
    static void throw*Exception(...);
    static void throw*ExceptionForNullCheck(...);
    # For methods returning Nothing
    static java.lang.Void throw*Exception(...);
    static java.lang.Void throw*ExceptionForNullCheck(...);
}

# End of content from androidx.compose.foundation:foundation-layout-android:1.10.4 (extracted file: /Users/govindpotti/.gradle/caches/9.6.1/transforms/df86d2aa69423915c702f494cdcb4829/transformed/foundation-layout/proguard.txt)
# The proguard configuration file for the following section is androidx.compose.foundation:foundation-android:1.10.4 (extracted file: /Users/govindpotti/.gradle/caches/9.6.1/transforms/78edbaf0d85dabdf5098ea3510af4b1d/transformed/foundation/proguard.txt)
# Copyright (C) 2020 The Android Open Source Project
#
# Licensed under the Apache License, Version 2.0 (the "License");
# you may not use this file except in compliance with the License.
# You may obtain a copy of the License at
#
#      http://www.apache.org/licenses/LICENSE-2.0
#
# Unless required by applicable law or agreed to in writing, software
# distributed under the License is distributed on an "AS IS" BASIS,
# WITHOUT WARRANTIES OR CONDITIONS OF ANY KIND, either express or implied.
# See the License for the specific language governing permissions and
# limitations under the License.

# Keep all the functions created to throw an exception. We don't want these functions to be
# inlined in any way, which R8 will do by default. The whole point of these functions is to
# reduce the amount of code generated at the call site.
-keepclassmembers,allowshrinking,allowobfuscation class androidx.compose.**.* {
    static void throw*Exception(...);
    # For methods returning Nothing
    static java.lang.Void throw*Exception(...);
}


# End of content from androidx.compose.foundation:foundation-android:1.10.4 (extracted file: /Users/govindpotti/.gradle/caches/9.6.1/transforms/78edbaf0d85dabdf5098ea3510af4b1d/transformed/foundation/proguard.txt)
# The proguard configuration file for the following section is androidx.compose.ui:ui-unit-android:1.10.4 (extracted file: /Users/govindpotti/.gradle/caches/9.6.1/transforms/8252dcd2d8fbdd567cee368b9bf52670/transformed/ui-unit/proguard.txt)
# Copyright (C) 2020 The Android Open Source Project
#
# Licensed under the Apache License, Version 2.0 (the "License");
# you may not use this file except in compliance with the License.
# You may obtain a copy of the License at
#
#      http://www.apache.org/licenses/LICENSE-2.0
#
# Unless required by applicable law or agreed to in writing, software
# distributed under the License is distributed on an "AS IS" BASIS,
# WITHOUT WARRANTIES OR CONDITIONS OF ANY KIND, either express or implied.
# See the License for the specific language governing permissions and
# limitations under the License.

# Keep all the functions created to throw an exception. We don't want these functions to be
# inlined in any way, which R8 will do by default. The whole point of these functions is to
# reduce the amount of code generated at the call site.
-keepclassmembers,allowshrinking,allowobfuscation class androidx.compose.**.* {
    static void throw*Exception(...);
    static void throw*ExceptionForNullCheck(...);
    # For methods returning Nothing
    static java.lang.Void throw*Exception(...);
    static java.lang.Void throw*ExceptionForNullCheck(...);
}

# End of content from androidx.compose.ui:ui-unit-android:1.10.4 (extracted file: /Users/govindpotti/.gradle/caches/9.6.1/transforms/8252dcd2d8fbdd567cee368b9bf52670/transformed/ui-unit/proguard.txt)
# The proguard configuration file for the following section is androidx.compose.ui:ui-geometry-android:1.10.4 (extracted file: /Users/govindpotti/.gradle/caches/9.6.1/transforms/c45dc25d18aa403980f6bc6bcfa14208/transformed/ui-geometry/proguard.txt)
# Intentionally empty proguard rules to indicate this library is safe to shrink

# End of content from androidx.compose.ui:ui-geometry-android:1.10.4 (extracted file: /Users/govindpotti/.gradle/caches/9.6.1/transforms/c45dc25d18aa403980f6bc6bcfa14208/transformed/ui-geometry/proguard.txt)
# The proguard configuration file for the following section is androidx.compose.ui:ui-util-android:1.10.4 (extracted file: /Users/govindpotti/.gradle/caches/9.6.1/transforms/3650f64e6a9ad34c3e7a1fa0f58452b5/transformed/ui-util/proguard.txt)
# Copyright (C) 2020 The Android Open Source Project
#
# Licensed under the Apache License, Version 2.0 (the "License");
# you may not use this file except in compliance with the License.
# You may obtain a copy of the License at
#
#      http://www.apache.org/licenses/LICENSE-2.0
#
# Unless required by applicable law or agreed to in writing, software
# distributed under the License is distributed on an "AS IS" BASIS,
# WITHOUT WARRANTIES OR CONDITIONS OF ANY KIND, either express or implied.
# See the License for the specific language governing permissions and
# limitations under the License.

# Keep all the functions created to throw an exception. We don't want these functions to be
# inlined in any way, which R8 will do by default. The whole point of these functions is to
# reduce the amount of code generated at the call site.
-keepclassmembers,allowshrinking,allowobfuscation class androidx.compose.**.* {
    static void throw*Exception(...);
    static void throw*ExceptionForNullCheck(...);
    # For methods returning Nothing
    static java.lang.Void throw*Exception(...);
    static java.lang.Void throw*ExceptionForNullCheck(...);
}

# End of content from androidx.compose.ui:ui-util-android:1.10.4 (extracted file: /Users/govindpotti/.gradle/caches/9.6.1/transforms/3650f64e6a9ad34c3e7a1fa0f58452b5/transformed/ui-util/proguard.txt)
# The proguard configuration file for the following section is androidx.compose.ui:ui-tooling-preview-android:1.10.4 (extracted file: /Users/govindpotti/.gradle/caches/9.6.1/transforms/ed41f2c64c33abdebcde491d2bc04885/transformed/ui-tooling-preview/proguard.txt)