app/build/outputs/mapping/release/seeds.txt
com.vfa.app.MainActivity
com.vfa.app.protocol.TestType: com.vfa.app.protocol.TestType[] values()
com.vfa.app.ui.screens.Phase: com.vfa.app.ui.screens.Phase valueOf(java.lang.String)
com.vfa.app.ui.theme.TextScale: com.vfa.app.ui.theme.TextScale valueOf(java.lang.String)
com.vfa.app.protocol.KitItem$Emblem: com.vfa.app.protocol.KitItem$Emblem valueOf(java.lang.String)
com.vfa.app.protocol.StageType: com.vfa.app.protocol.StageType valueOf(java.lang.String)
com.vfa.app.backend.Verdict: com.vfa.app.backend.Verdict valueOf(java.lang.String)
com.vfa.app.protocol.ScanKind: com.vfa.app.protocol.ScanKind valueOf(java.lang.String)
com.vfa.app.protocol.StageType: com.vfa.app.protocol.StageType[] values()
com.vfa.app.backend.Verdict: com.vfa.app.backend.Verdict[] values()
com.vfa.app.MainActivity: MainActivity()
com.vfa.app.ui.screens.Phase: com.vfa.app.ui.screens.Phase[] values()
com.vfa.app.ui.screens.ScanPhase: com.vfa.app.ui.screens.ScanPhase[] values()
com.vfa.app.protocol.TestType: com.vfa.app.protocol.TestType valueOf(java.lang.String)
com.vfa.app.ui.theme.TextScale: com.vfa.app.ui.theme.TextScale[] values()
com.vfa.app.protocol.KitItem$Emblem: com.vfa.app.protocol.KitItem$Emblem[] values()
com.vfa.app.ui.screens.ScanPhase: com.vfa.app.ui.screens.ScanPhase valueOf(java.lang.String)
com.vfa.app.Screen: com.vfa.app.Screen valueOf(java.lang.String)
com.vfa.app.Screen: com.vfa.app.Screen[] values()
com.vfa.app.protocol.ScanKind: com.vfa.app.protocol.ScanKind[] values()
...
androidx.camera.camera2.Camera2Config: Camera2Config()
androidx.camera.camera2.Camera2Config: androidx.camera.core.CameraXConfig defaultConfig()
androidx.camera.camera2.internal.compat.quirk.TorchFlashRequiredFor3aUpdateQuirk: boolean isAffectedPixelModel()
androidx.camera.camera2.internal.compat.params.SessionConfigurationCompat$SessionConfigurationCompatImpl: android.hardware.camera2.CameraCaptureSession$StateCallback getStateCallback()
androidx.compose.ui.platform.AndroidComposeView: androidx.compose.ui.semantics.SemanticsOwner getSemanticsOwner()
androidx.appcompat.widget.SearchView: int getImeOptions()
androidx.camera.camera2.internal.Camera2CameraControlImpl: void addCaptureResultListener(androidx.camera.camera2.internal.Camera2CameraControlImpl$CaptureResultListener)
androidx.camera.camera2.internal.ProcessingCaptureSession$SessionProcessorCaptureCallback: void onCaptureProcessProgressed(int)
androidx.camera.camera2.internal.Camera2PhysicalCameraInfoImpl: androidx.camera.core.CameraSelector getCameraSelector()
androidx.camera.camera2.internal.compat.workaround.RequestMonitor: android.hardware.camera2.CameraCaptureSession$CaptureCallback createMonitorListener()
androidx.compose.ui.text.internal.InlineClassHelperKt: void throwIllegalStateException(java.lang.String)
androidx.camera.camera2.internal.compat.params.OutputConfigurationCompatApi28Impl: androidx.camera.camera2.internal.compat.params.OutputConfigurationCompatApi28Impl wrap(android.hardware.camera2.params.OutputConfiguration)
androidx.lifecycle.EmptyActivityLifecycleCallbacks: void onActivitySaveInstanceState(android.app.Activity,android.os.Bundle)
androidx.core.view.WindowInsetsCompat$BuilderImpl: void setInsets(int,androidx.core.graphics.Insets)
androidx.camera.camera2.internal.compat.quirk.DeviceQuirks: androidx.camera.core.impl.Quirk get(java.lang.Class)
androidx.camera.camera2.internal.compat.params.SessionConfigurationCompat$SessionConfigurationCompatBaseImpl: void setSessionParameters(android.hardware.camera2.CaptureRequest)
androidx.camera.lifecycle.LifecycleCamera: void onStop(androidx.lifecycle.LifecycleOwner)
androidx.camera.camera2.internal.StreamUseCaseUtil: boolean areStreamUseCasesAvailable(java.util.Set,java.util.Set)
androidx.camera.camera2.internal.CameraDeviceStateCallbacks: android.hardware.camera2.CameraDevice$StateCallback createComboCallback(android.hardware.camera2.CameraDevice$StateCallback[])
androidx.camera.camera2.interop.CaptureRequestOptions$Builder: androidx.camera.core.impl.MutableConfig getMutableConfig()
androidx.core.view.WindowInsetsCompat$Impl: void initTypeBoundingRectsMaps()
androidx.core.view.WindowInsetsCompat$Impl: void setRootViewData(androidx.core.graphics.Insets)
androidx.camera.camera2.internal.compat.quirk.ZslDisablerQuirk: boolean isAffectedXiaoMiDevices()
androidx.camera.camera2.internal.compat.quirk.AfRegionFlipHorizontallyQuirk: boolean load(androidx.camera.camera2.internal.compat.CameraCharacteristicsCompat)
androidx.camera.video.VideoEncoderSession$VideoEncoderState: androidx.camera.video.VideoEncoderSession$VideoEncoderState[] values()
androidx.camera.camera2.internal.Camera2CapturePipeline$Pipeline: com.google.common.util.concurrent.ListenableFuture lambda$executePreCapture$3(java.lang.Boolean)
androidx.core.view.WindowInsetsCompat$Impl20: void setRootWindowInsets(androidx.core.view.WindowInsetsCompat)
androidx.camera.camera2.internal.compat.quirk.AbnormalStreamWhenImageAnalysisBindWithTemplateRecordQuirk: AbnormalStreamWhenImageAnalysisBindWithTemplateRecordQuirk()
androidx.camera.video.Recorder$AudioState: androidx.camera.video.Recorder$AudioState valueOf(java.lang.String)
androidx.compose.ui.input.pointer.PointerInteropFilter$DispatchToViewState: androidx.compose.ui.input.pointer.PointerInteropFilter$DispatchToViewState[] values()
androidx.camera.camera2.internal.compat.params.OutputConfigurationCompatApi28Impl: long getDynamicRangeProfile()