app/build/outputs/mapping/release/usage.txt
com.vfa.app.BuildConfig
com.vfa.app.MainActivity:
    public static final int $stable
com.vfa.app.R$color
com.vfa.app.R$drawable:
    public static int ic_launcher_background
    public static int ic_launcher_foreground
    private void <init>()
com.vfa.app.R$mipmap
com.vfa.app.R$raw:
    private void <init>()
com.vfa.app.R$string
com.vfa.app.R$style
com.vfa.app.R$xml
com.vfa.app.R
com.vfa.app.Screen:
    private static final synthetic kotlin.enums.EnumEntries $ENTRIES
    public static kotlin.enums.EnumEntries getEntries()
com.vfa.app.backend.CheckDecision$Help:
    public static final int $stable
    public final java.lang.String component1()
    public final com.vfa.app.backend.CheckDecision$Help copy(java.lang.String)
    public static synthetic com.vfa.app.backend.CheckDecision$Help copy$default(com.vfa.app.backend.CheckDecision$Help,java.lang.String,int,java.lang.Object)
com.vfa.app.backend.CheckDecision$Pass:
    public static final int $stable
    public final float component1()
    public final com.vfa.app.backend.CheckDecision$Pass copy(float)
    public static synthetic com.vfa.app.backend.CheckDecision$Pass copy$default(com.vfa.app.backend.CheckDecision$Pass,float,int,java.lang.Object)
    public final float getConfidence()
com.vfa.app.backend.CheckDecision$Retry:
    public static final int $stable
    public final java.lang.String component1()
    public final float component2()
    public final com.vfa.app.backend.CheckDecision$Retry copy(java.lang.String,float)
    public static synthetic com.vfa.app.backend.CheckDecision$Retry copy$default(com.vfa.app.backend.CheckDecision$Retry,java.lang.String,float,int,java.lang.Object)
    public final float getConfidence()
com.vfa.app.backend.CheckDecision$Unavailable:
    public static final int $stable
com.vfa.app.backend.Readout:
    public static final int $stable
    public final com.vfa.app.backend.Verdict component1()
    public final double component2()
    public final double component3()
    public final boolean component4()
    public final com.vfa.app.backend.Readout copy(com.vfa.app.backend.Verdict,double,double,boolean)
    public static synthetic com.vfa.app.backend.Readout copy$default(com.vfa.app.backend.Readout,com.vfa.app.backend.Verdict,double,double,boolean,int,java.lang.Object)
com.vfa.app.backend.Verdict:
    private static final synthetic kotlin.enums.EnumEntries $ENTRIES
    public static kotlin.enums.EnumEntries getEntries()
com.vfa.app.backend.VfaBackend$analyze$2:
    int label
com.vfa.app.backend.VfaBackend$verify$2:
    int label
com.vfa.app.backend.VfaBackend:
    public static final int $stable
    public final boolean getAnalyzerConfigured()
com.vfa.app.backend.VfaBackendKt
com.vfa.app.camera.VfaCameraKt$rememberVfaCamera$1$1:
    int label
com.vfa.app.camera.VfaCameraKt:
    private static final java.lang.String TAG
com.vfa.app.camera.VfaCameraState:
    public static final int $stable
    public final boolean getAvailable()
    public final boolean getDenied()
com.vfa.app.protocol.Clip:
    public static final int $stable
    public final java.lang.String component1()
    public final int component2()
    public final com.vfa.app.protocol.Clip copy(java.lang.String,int)
    public static synthetic com.vfa.app.protocol.Clip copy$default(com.vfa.app.protocol.Clip,java.lang.String,int,int,java.lang.Object)
com.vfa.app.protocol.KitItem$Emblem:
    private static final synthetic kotlin.enums.EnumEntries $ENTRIES
    public static kotlin.enums.EnumEntries getEntries()
...
androidx.compose.ui.node.ComposeUiNode$Companion$ApplyOnDeactivatedNodeAssertion$1:
    public static void invoke$14()
androidx.compose.ui.node.ComposeUiNode$Companion$SetDensity$1
androidx.compose.ui.node.ComposeUiNode$Companion$SetLayoutDirection$1
androidx.compose.ui.node.ComposeUiNode$Companion$SetViewConfiguration$1
androidx.compose.ui.node.ComposeUiNode$Companion$VirtualConstructor$1
androidx.compose.ui.node.ComposeUiNode:
    public abstract void setCompositeKeyHash()
    public abstract void setCompositionLocalMap()
    public abstract void setDensity(androidx.compose.ui.unit.Density)
    public abstract void setLayoutDirection(androidx.compose.ui.unit.LayoutDirection)
    public abstract void setMeasurePolicy(androidx.compose.ui.layout.MeasurePolicy)
    public abstract void setModifier(androidx.compose.ui.Modifier)
    public abstract void setViewConfiguration(androidx.compose.ui.platform.ViewConfiguration)
androidx.compose.ui.node.DelegatableNode:
    public abstract androidx.compose.ui.Modifier$Node getNode()
    public abstract void onDensityChange()
    public abstract void onLayoutDirectionChange()
androidx.compose.ui.node.DelegatingNode:
    static void <clinit>()
androidx.compose.ui.node.DepthSortedSet:
    public final boolean extraAssertions
    public androidx.collection.MutableObjectIntMap mapOfOriginalDepth
    static void <clinit>()
    public final boolean contains(androidx.compose.ui.node.LayoutNode)
    public static boolean isEmpty()
    public final androidx.compose.ui.node.LayoutNode pop()
    public final androidx.collection.MutableObjectIntMap safeMapOfOriginalDepth()
androidx.compose.ui.node.DepthSortedSetKt$DepthComparator$1:
    public static int compare()
androidx.compose.ui.node.DepthSortedSetsForDifferentPasses$WhenMappings
androidx.compose.ui.node.DepthSortedSetsForDifferentPasses:
    static void <clinit>()
    public static boolean contains()
    public final boolean contains(androidx.compose.ui.node.LayoutNode)
    public static boolean getAffectsLookaheadMeasure()
    public static boolean isEmpty()
    public static boolean remove()
androidx.compose.ui.node.DiffCallback
androidx.compose.ui.node.DpTouchBoundsExpansion$Companion
androidx.compose.ui.node.DpTouchBoundsExpansion:
    public final float bottom
    public final float end
    public final boolean isLayoutDirectionAware
    public final float start
    public final float top
    static void <clinit>()
    public final long roundToTouchBoundsExpansion-TW6G1oQ(androidx.compose.ui.unit.Density)
androidx.compose.ui.node.HitTestResult$HitTestResultIterator:
    public static androidx.compose.ui.Modifier$Node next()
    public static androidx.compose.ui.Modifier$Node previous()
androidx.compose.ui.node.HitTestResult$SubList:
    public final boolean contains$1()
    public final androidx.compose.ui.Modifier$Node get(int)
    public final int getSize()
    public final int indexOf()
    public final int lastIndexOf()
androidx.compose.ui.node.HitTestResult:
    static void <clinit>()
    public static void acceptHits()
    public final boolean contains$1()
    public final androidx.compose.ui.Modifier$Node get(int)
    public final int getSize()
    public static boolean hasHit()
    public static void hitExpandedTouchBounds()
    public final int indexOf()
    public final boolean isHitInMinimumTouchTargetBetter(float,boolean)
    public final int lastIndexOf()
    public static void speculativeHit()
androidx.compose.ui.node.HitTestResultKt:
    public static synthetic long DistanceAndFlags$default(float,boolean)
androidx.compose.ui.node.InnerNodeCoordinator$Companion
androidx.compose.ui.node.InnerNodeCoordinator:
    public final void onAfterPlaceAt()
    public final void placeAt-f8xVGno(long,float)
androidx.compose.ui.node.IntStack:
    public static int get()
    public static boolean isNotEmpty()
    public final int pop()
    public static int[] resizeStack()
    public static void sortDiagonals()